#
# A fatal error has been detected by the Java Runtime Environment:
#
#  EXCEPTION_ACCESS_VIOLATION (0xc0000005) at pc=0x0000000000000000, pid=12916, tid=0x00000000000030ac
#
# JRE version: Java(TM) SE Runtime Environment (8.0_101-b13) (build 1.8.0_101-b13)
# Java VM: Java HotSpot(TM) 64-Bit Server VM (25.101-b13 mixed mode windows-amd64 compressed oops)
# Problematic frame:
# C  0x0000000000000000
#
# Failed to write core dump. Minidumps are not enabled by default on client versions of Windows
#
# If you would like to submit a bug report, please visit:
#   http://bugreport.java.com/bugreport/crash.jsp
# The crash happened outside the Java Virtual Machine in native code.
# See problematic frame for where to report the bug.
#

---------------  T H R E A D  ---------------

Current thread (0x000000000478d800):  JavaThread "main" [_thread_in_native, id=12460, stack(0x0000000004590000,0x0000000004690000)]

siginfo: ExceptionCode=0xc0000005, ExceptionInformation=0x0000000000000008 0x0000000000000000

Registers:
RAX=0x00007ffff7b864c0, RBX=0x0000000017f55f20, RCX=0x000000000478d9f8, RDX=0x000000000468f660
RSP=0x000000000468f578, RBP=0x000000000468f618, RSI=0x0000000000000021, RDI=0x000000000489835d
R8 =0x0000000000000004, R9 =0x00000000000000de, R10=0x00000000048a7f28, R11=0x00000000714fb4a0
R12=0x0000000000000000, R13=0x0000000017f55f20, R14=0x000000000468f660, R15=0x000000000478d800
RIP=0x0000000000000000, EFLAGS=0x0000000000010287

Top of Stack: (sp=0x000000000468f578)
0x000000000468f578:   00000000048a7f54 0000000000000004
0x000000000468f588:   00000000713b632f 0000000000000000
0x000000000468f598:   0000000000000001 000000003f800000
0x000000000468f5a8:   00007ffff7b864c0 00000000048956d0
0x000000000468f5b8:   0000000000000000 0000000017b713e8
0x000000000468f5c8:   0000000019aa2510 0000000004787d60
0x000000000468f5d8:   000000000468f5d8 0000000000000000
0x000000000468f5e8:   000000000468f660 000000001bd70028
0x000000000468f5f8:   0000000000000000 0000000017f55f20
0x000000000468f608:   0000000000000000 000000000468f638
0x000000000468f618:   000000000468f6a8 000000000489835d
0x000000000468f628:   0000000000000000 00000000048a19d8
0x000000000468f638:   00007ffff7b864c0 000000000000000e
0x000000000468f648:   000000003f800000 000000003f800000
0x000000000468f658:   00007fff3f800000 00000000e1db9590
0x000000000468f668:   000000000468f668 0000000017f55e6d 

Instructions: (pc=0x0000000000000000)
0xffffffffffffffe0:   


Register to memory mapping:

RAX=0x00007ffff7b864c0 is an unknown value
RBX={method} {0x0000000017f55f28} 'dispatch_glColor3f1' '(FFFJ)V' in 'jogamp/opengl/gl4/GL4bcImpl'
RCX=0x000000000478d9f8 is an unknown value
RDX=0x000000000468f660 is pointing into the stack for thread: 0x000000000478d800
RSP=0x000000000468f578 is pointing into the stack for thread: 0x000000000478d800
RBP=0x000000000468f618 is pointing into the stack for thread: 0x000000000478d800
RSI=0x0000000000000021 is an unknown value
RDI=0x000000000489835d is at code_begin+2301 in an Interpreter codelet
invoke return entry points  [0x0000000004897a60, 0x0000000004898440]  2528 bytes
R8 =0x0000000000000004 is an unknown value
R9 =0x00000000000000de is an unknown value
R10=0x00000000048a7f28 is at code_begin+840 in an Interpreter codelet
method entry point (kind = native)  [0x00000000048a7be0, 0x00000000048a8540]  2400 bytes
R11=0x00000000714fb4a0 is an unknown value
R12=0x0000000000000000 is an unknown value
R13={method} {0x0000000017f55f28} 'dispatch_glColor3f1' '(FFFJ)V' in 'jogamp/opengl/gl4/GL4bcImpl'
R14=0x000000000468f660 is pointing into the stack for thread: 0x000000000478d800
R15=0x000000000478d800 is a thread


Stack: [0x0000000004590000,0x0000000004690000],  sp=0x000000000468f578,  free space=1021k
Native frames: (J=compiled Java code, j=interpreted, Vv=VM code, C=native code)

Java frames: (J=compiled Java code, j=interpreted, Vv=VM code)
j  jogamp.opengl.gl4.GL4bcImpl.dispatch_glColor3f1(FFFJ)V+0
j  jogamp.opengl.gl4.GL4bcImpl.glColor3f(FFF)V+45
j  neuralnetwork.GUI.draw(FFFFF)Z+42
j  neuralnetwork.NeuralNetwork.main([Ljava/lang/String;)V+55
v  ~StubRoutines::call_stub

---------------  P R O C E S S  ---------------

Java Threads: ( => current thread )
  0x0000000019dac800 JavaThread "AWT-EventQueue-0" [_thread_blocked, id=8672, stack(0x0000000060e70000,0x0000000060f70000)]
  0x0000000019dac000 JavaThread "AWT-Shutdown" [_thread_blocked, id=10372, stack(0x0000000060d70000,0x0000000060e70000)]
  0x000000001a410800 JavaThread "Java2D Disposer" daemon [_thread_blocked, id=7176, stack(0x000000001ace0000,0x000000001ade0000)]
  0x0000000019a90800 JavaThread "Service Thread" daemon [_thread_blocked, id=11992, stack(0x0000000019e60000,0x0000000019f60000)]
  0x0000000018116800 JavaThread "C1 CompilerThread2" daemon [_thread_blocked, id=7348, stack(0x0000000019960000,0x0000000019a60000)]
  0x0000000018114000 JavaThread "C2 CompilerThread1" daemon [_thread_blocked, id=6060, stack(0x0000000019860000,0x0000000019960000)]
  0x0000000018111800 JavaThread "C2 CompilerThread0" daemon [_thread_blocked, id=3716, stack(0x0000000019760000,0x0000000019860000)]
  0x000000001810d000 JavaThread "Attach Listener" daemon [_thread_blocked, id=3560, stack(0x0000000019660000,0x0000000019760000)]
  0x000000001810c000 JavaThread "Signal Dispatcher" daemon [_thread_blocked, id=10588, stack(0x0000000019560000,0x0000000019660000)]
  0x00000000180fa000 JavaThread "Finalizer" daemon [_thread_blocked, id=11684, stack(0x0000000019360000,0x0000000019460000)]
  0x00000000180d8800 JavaThread "Reference Handler" daemon [_thread_blocked, id=3176, stack(0x0000000019260000,0x0000000019360000)]
=>0x000000000478d800 JavaThread "main" [_thread_in_native, id=12460, stack(0x0000000004590000,0x0000000004690000)]

Other Threads:
  0x00000000180d7000 VMThread [stack: 0x0000000019160000,0x0000000019260000] [id=11172]
  0x0000000019aa5000 WatcherThread [stack: 0x0000000019f60000,0x000000001a060000] [id=7912]

VM state:not at safepoint (normal execution)

VM Mutex/Monitor currently owned by a thread: None

Heap:
 PSYoungGen      total 28672K, used 26131K [0x00000000e0980000, 0x00000000e2980000, 0x0000000100000000)
  eden space 24576K, 92% used [0x00000000e0980000,0x00000000e1fa3a80,0x00000000e2180000)
  from space 4096K, 84% used [0x00000000e2180000,0x00000000e24e13c8,0x00000000e2580000)
  to   space 4096K, 0% used [0x00000000e2580000,0x00000000e2580000,0x00000000e2980000)
 ParOldGen       total 65536K, used 0K [0x00000000a1c00000, 0x00000000a5c00000, 0x00000000e0980000)
  object space 65536K, 0% used [0x00000000a1c00000,0x00000000a1c00000,0x00000000a5c00000)
 Metaspace       used 15038K, capacity 15198K, committed 15488K, reserved 1062912K
  class space    used 1535K, capacity 1609K, committed 1664K, reserved 1048576K

Card table byte_map: [0x0000000013c50000,0x0000000013f50000] byte_map_base: 0x0000000013742000

Marking Bits: (ParMarkBitMap*) 0x0000000071aea6d0
 Begin Bits: [0x0000000014550000, 0x0000000015ce0000)
 End Bits:   [0x0000000015ce0000, 0x0000000017470000)

Polling page: 0x0000000002d80000

CodeCache: size=245760Kb used=2905Kb max_used=2905Kb free=242854Kb
 bounds [0x0000000004890000, 0x0000000004b70000, 0x0000000013890000]
 total_blobs=1560 nmethods=757 adapters=716
 compilation: enabled

Compilation events (10 events):
Event: 13.756 Thread 0x0000000018116800  753       1       sun.awt.AWTAutoShutdown::getInstance (4 bytes)
Event: 13.756 Thread 0x0000000018116800 nmethod 753 0x0000000004b65890 code [0x0000000004b659e0, 0x0000000004b65ad0]
Event: 13.904 Thread 0x0000000018116800  754       3       java.util.concurrent.locks.AbstractQueuedSynchronizer::compareAndSetWaitStatus (13 bytes)
Event: 13.904 Thread 0x0000000018116800 nmethod 754 0x0000000004b65b10 code [0x0000000004b65c60, 0x0000000004b65db0]
Event: 14.157 Thread 0x0000000018116800  755       1       java.awt.Component::isEnabledImpl (5 bytes)
Event: 14.157 Thread 0x0000000018116800 nmethod 755 0x0000000004b65e10 code [0x0000000004b65f60, 0x0000000004b66070]
Event: 18.466 Thread 0x0000000018116800  756       3       java.lang.ClassLoader::checkPackageAccess (122 bytes)
Event: 18.469 Thread 0x0000000018116800 nmethod 756 0x0000000004b662d0 code [0x0000000004b66500, 0x0000000004b670e8]
Event: 18.469 Thread 0x0000000018116800  757       1       java.beans.PropertyChangeEvent::getPropertyName (5 bytes)
Event: 18.469 Thread 0x0000000018116800 nmethod 757 0x0000000004b67690 code [0x0000000004b677e0, 0x0000000004b678f0]

GC Heap History (2 events):
Event: 4.263 GC heap before
{Heap before GC invocations=1 (full 0):
 PSYoungGen      total 28672K, used 24576K [0x00000000e0980000, 0x00000000e2980000, 0x0000000100000000)
  eden space 24576K, 100% used [0x00000000e0980000,0x00000000e2180000,0x00000000e2180000)
  from space 4096K, 0% used [0x00000000e2580000,0x00000000e2580000,0x00000000e2980000)
  to   space 4096K, 0% used [0x00000000e2180000,0x00000000e2180000,0x00000000e2580000)
 ParOldGen       total 65536K, used 0K [0x00000000a1c00000, 0x00000000a5c00000, 0x00000000e0980000)
  object space 65536K, 0% used [0x00000000a1c00000,0x00000000a1c00000,0x00000000a5c00000)
 Metaspace       used 11857K, capacity 12030K, committed 12288K, reserved 1060864K
  class space    used 1134K, capacity 1214K, committed 1280K, reserved 1048576K
Event: 4.290 GC heap after
Heap after GC invocations=1 (full 0):
 PSYoungGen      total 28672K, used 3460K [0x00000000e0980000, 0x00000000e2980000, 0x0000000100000000)
  eden space 24576K, 0% used [0x00000000e0980000,0x00000000e0980000,0x00000000e2180000)
  from space 4096K, 84% used [0x00000000e2180000,0x00000000e24e13c8,0x00000000e2580000)
  to   space 4096K, 0% used [0x00000000e2580000,0x00000000e2580000,0x00000000e2980000)
 ParOldGen       total 65536K, used 0K [0x00000000a1c00000, 0x00000000a5c00000, 0x00000000e0980000)
  object space 65536K, 0% used [0x00000000a1c00000,0x00000000a1c00000,0x00000000a5c00000)
 Metaspace       used 11857K, capacity 12030K, committed 12288K, reserved 1060864K
  class space    used 1134K, capacity 1214K, committed 1280K, reserved 1048576K
}

Deoptimization events (4 events):
Event: 3.522 Thread 0x000000000478d800 Uncommon trap: reason=unstable_if action=reinterpret pc=0x00000000049f3768 method=java.lang.String.startsWith(Ljava/lang/String;I)Z @ 25
Event: 5.302 Thread 0x000000000478d800 Uncommon trap: reason=unstable_if action=reinterpret pc=0x0000000004b03b90 method=java.util.HashMap.containsKey(Ljava/lang/Object;)Z @ 9
Event: 5.346 Thread 0x000000000478d800 Uncommon trap: reason=unstable_if action=reinterpret pc=0x0000000004b14934 method=java.lang.reflect.AccessibleObject.setAccessible0(Ljava/lang/reflect/AccessibleObject;Z)V @ 4
Event: 5.394 Thread 0x000000000478d800 Uncommon trap: reason=unstable_if action=reinterpret pc=0x0000000004ad8200 method=sun.misc.MetaIndex.mayContain(Ljava/lang/String;)Z @ 38

Internal exceptions (10 events):
Event: 0.104 Thread 0x000000000478d800 Exception <a 'java/lang/NoSuchMethodError': Method sun.misc.Unsafe.prefetchRead(Ljava/lang/Object;J)V name or signature does not match> (0x00000000e0987fa8) thrown at [C:\re\workspace\8-2-build-windows-amd64-cygwin\jdk8u101\7261\hotspot\src\share\vm\prims\®R
Event: 0.502 Thread 0x000000000478d800 Exception <a 'java/security/PrivilegedActionException'> (0x00000000e0becd40) thrown at [C:\re\workspace\8-2-build-windows-amd64-cygwin\jdk8u101\7261\hotspot\src\share\vm\prims\jvm.cpp, line 1386]
Event: 0.502 Thread 0x000000000478d800 Exception <a 'java/security/PrivilegedActionException'> (0x00000000e0becf50) thrown at [C:\re\workspace\8-2-build-windows-amd64-cygwin\jdk8u101\7261\hotspot\src\share\vm\prims\jvm.cpp, line 1386]
Event: 0.505 Thread 0x000000000478d800 Exception <a 'java/security/PrivilegedActionException'> (0x00000000e0bf0ea0) thrown at [C:\re\workspace\8-2-build-windows-amd64-cygwin\jdk8u101\7261\hotspot\src\share\vm\prims\jvm.cpp, line 1386]
Event: 0.505 Thread 0x000000000478d800 Exception <a 'java/security/PrivilegedActionException'> (0x00000000e0bf10b0) thrown at [C:\re\workspace\8-2-build-windows-amd64-cygwin\jdk8u101\7261\hotspot\src\share\vm\prims\jvm.cpp, line 1386]
Event: 1.684 Thread 0x000000000478d800 Exception <a 'java/lang/NoSuchFieldError': method resolution failed> (0x00000000e0e2de58) thrown at [C:\re\workspace\8-2-build-windows-amd64-cygwin\jdk8u101\7261\hotspot\src\share\vm\prims\methodHandles.cpp, line 1146]
Event: 1.693 Thread 0x000000000478d800 Exception <a 'java/lang/NoSuchFieldError': method resolution failed> (0x00000000e0e3b5f8) thrown at [C:\re\workspace\8-2-build-windows-amd64-cygwin\jdk8u101\7261\hotspot\src\share\vm\prims\methodHandles.cpp, line 1146]
Event: 2.427 Thread 0x000000000478d800 Exception <a 'java/io/FileNotFoundException'> (0x00000000e0fcb4f8) thrown at [C:\re\workspace\8-2-build-windows-amd64-cygwin\jdk8u101\7261\hotspot\src\share\vm\prims\jni.cpp, line 709]
Event: 2.595 Thread 0x000000000478d800 Exception <a 'java/io/FileNotFoundException'> (0x00000000e1008ac8) thrown at [C:\re\workspace\8-2-build-windows-amd64-cygwin\jdk8u101\7261\hotspot\src\share\vm\prims\jni.cpp, line 709]
Event: 5.513 Thread 0x000000000478d800 Exception <a 'java/lang/reflect/InvocationTargetException'> (0x00000000e1dec878) thrown at [C:\re\workspace\8-2-build-windows-amd64-cygwin\jdk8u101\7261\hotspot\src\share\vm\runtime\reflection.cpp, line 1092]

Events (10 events):
Event: 18.593 loading class com/jogamp/nativewindow/egl/EGLGraphicsDevice
Event: 18.593 loading class com/jogamp/nativewindow/egl/EGLGraphicsDevice done
Event: 18.594 loading class jogamp/opengl/egl/EGLDisplayUtil
Event: 18.594 loading class jogamp/opengl/egl/EGLDisplayUtil done
Event: 18.595 loading class com/jogamp/nativewindow/egl/EGLGraphicsDevice$EGLDisplayLifecycleCallback
Event: 18.595 loading class com/jogamp/nativewindow/egl/EGLGraphicsDevice$EGLDisplayLifecycleCallback done
Event: 18.597 loading class jogamp/opengl/egl/EGLDisplayUtil$1
Event: 18.597 loading class jogamp/opengl/egl/EGLDisplayUtil$1 done
Event: 18.598 Thread 0x0000000019ba5800 Thread exited: 0x0000000019ba5800
Event: 18.613 Thread 0x000000001a412000 Thread exited: 0x000000001a412000


Dynamic libraries:
0x00007ff6e78d0000 - 0x00007ff6e7907000 	C:\Program Files\Java\jdk1.8.0_101\bin\java.exe
0x00007ff81a7a0000 - 0x00007ff81a980000 	C:\WINDOWS\SYSTEM32\ntdll.dll
0x00007ff817d40000 - 0x00007ff817dee000 	C:\WINDOWS\System32\KERNEL32.DLL
0x00007ff816ba0000 - 0x00007ff816e06000 	C:\WINDOWS\System32\KERNELBASE.dll
0x00007ff81a6a0000 - 0x00007ff81a741000 	C:\WINDOWS\System32\ADVAPI32.dll
0x00007ff817c70000 - 0x00007ff817d0d000 	C:\WINDOWS\System32\msvcrt.dll
0x00007ff819cb0000 - 0x00007ff819d0b000 	C:\WINDOWS\System32\sechost.dll
0x00007ff81a510000 - 0x00007ff81a62f000 	C:\WINDOWS\System32\RPCRT4.dll
0x00007ff819d10000 - 0x00007ff819e9f000 	C:\WINDOWS\System32\USER32.dll
0x00007ff817000000 - 0x00007ff817020000 	C:\WINDOWS\System32\win32u.dll
0x00007ff817d10000 - 0x00007ff817d38000 	C:\WINDOWS\System32\GDI32.dll
0x00007ff8170d0000 - 0x00007ff817263000 	C:\WINDOWS\System32\gdi32full.dll
0x00007ff816f60000 - 0x00007ff816ffb000 	C:\WINDOWS\System32\msvcp_win.dll
0x00007ff816e60000 - 0x00007ff816f56000 	C:\WINDOWS\System32\ucrtbase.dll
0x00007ff808a50000 - 0x00007ff808cb9000 	C:\WINDOWS\WinSxS\amd64_microsoft.windows.common-controls_6595b64144ccf1df_6.0.16299.192_none_15c8cdae9364c23b\COMCTL32.dll
0x00007ff8193a0000 - 0x00007ff8196a8000 	C:\WINDOWS\System32\combase.dll
0x00007ff8179c0000 - 0x00007ff817a32000 	C:\WINDOWS\System32\bcryptPrimitives.dll
0x00007ff81a400000 - 0x00007ff81a42d000 	C:\WINDOWS\System32\IMM32.DLL
0x00000000711f0000 - 0x00000000712c2000 	C:\Program Files\Java\jdk1.8.0_101\jre\bin\msvcr100.dll
0x00000000712d0000 - 0x0000000071b6a000 	C:\Program Files\Java\jdk1.8.0_101\jre\bin\server\jvm.dll
0x00007ff81a430000 - 0x00007ff81a438000 	C:\WINDOWS\System32\PSAPI.DLL
0x00007ff808cc0000 - 0x00007ff808cc9000 	C:\WINDOWS\SYSTEM32\WSOCK32.dll
0x00007ff8145e0000 - 0x00007ff814603000 	C:\WINDOWS\SYSTEM32\WINMM.dll
0x00007ff815bf0000 - 0x00007ff815bfa000 	C:\WINDOWS\SYSTEM32\VERSION.dll
0x00007ff81a630000 - 0x00007ff81a69c000 	C:\WINDOWS\System32\WS2_32.dll
0x00007ff814580000 - 0x00007ff8145aa000 	C:\WINDOWS\SYSTEM32\winmmbase.dll
0x00007ff816e10000 - 0x00007ff816e5a000 	C:\WINDOWS\System32\cfgmgr32.dll
0x00000000727f0000 - 0x00000000727ff000 	C:\Program Files\Java\jdk1.8.0_101\jre\bin\verify.dll
0x0000000071180000 - 0x00000000711a9000 	C:\Program Files\Java\jdk1.8.0_101\jre\bin\java.dll
0x0000000071160000 - 0x0000000071176000 	C:\Program Files\Java\jdk1.8.0_101\jre\bin\zip.dll
0x00007ff817ea0000 - 0x00007ff8192d6000 	C:\WINDOWS\System32\SHELL32.dll
0x00007ff817df0000 - 0x00007ff817e96000 	C:\WINDOWS\System32\shcore.dll
0x00007ff817270000 - 0x00007ff8179b7000 	C:\WINDOWS\System32\windows.storage.dll
0x00007ff8192e0000 - 0x00007ff819331000 	C:\WINDOWS\System32\shlwapi.dll
0x00007ff816b80000 - 0x00007ff816b91000 	C:\WINDOWS\System32\kernel.appcore.dll
0x00007ff816b10000 - 0x00007ff816b5c000 	C:\WINDOWS\System32\powrprof.dll
0x00007ff816af0000 - 0x00007ff816b0b000 	C:\WINDOWS\System32\profapi.dll
0x00007ff8164f0000 - 0x00007ff816507000 	C:\WINDOWS\SYSTEM32\CRYPTSP.dll
0x00007ff815f30000 - 0x00007ff815f63000 	C:\WINDOWS\system32\rsaenh.dll
0x00007ff816650000 - 0x00007ff816675000 	C:\WINDOWS\SYSTEM32\bcrypt.dll
0x00007ff816a20000 - 0x00007ff816a49000 	C:\WINDOWS\SYSTEM32\USERENV.dll
0x00007ff8164e0000 - 0x00007ff8164eb000 	C:\WINDOWS\SYSTEM32\CRYPTBASE.dll
0x0000000070dc0000 - 0x0000000070dda000 	C:\Program Files\Java\jdk1.8.0_101\jre\bin\net.dll
0x00007ff816320000 - 0x00007ff816386000 	C:\WINDOWS\system32\mswsock.dll
0x00007ff8160b0000 - 0x00007ff8160e9000 	C:\WINDOWS\SYSTEM32\IPHLPAPI.DLL
0x00007ff8198a0000 - 0x00007ff8198a8000 	C:\WINDOWS\System32\NSI.dll
0x00007ff810e70000 - 0x00007ff810e86000 	C:\WINDOWS\SYSTEM32\dhcpcsvc6.DLL
0x00007ff810e50000 - 0x00007ff810e6a000 	C:\WINDOWS\SYSTEM32\dhcpcsvc.DLL
0x0000000070da0000 - 0x0000000070db1000 	C:\Program Files\Java\jdk1.8.0_101\jre\bin\nio.dll
0x00007ff814fa0000 - 0x00007ff815028000 	C:\WINDOWS\system32\apphelp.dll
0x00000000637c0000 - 0x00000000637cd000 	C:\Users\User\AppData\Local\Temp\jogamp_0000\file_cache\jln1965248255019301888\jln6665294478281672389\natives\windows-amd64\gluegen-rt.dll
0x0000000070c00000 - 0x0000000070d98000 	C:\Program Files\Java\jdk1.8.0_101\jre\bin\awt.dll
0x00007ff81a440000 - 0x00007ff81a505000 	C:\WINDOWS\System32\OLEAUT32.dll
0x00007ff815190000 - 0x00007ff815225000 	C:\WINDOWS\system32\uxtheme.dll
0x00007ff8196b0000 - 0x00007ff819817000 	C:\WINDOWS\System32\MSCTF.dll
0x00007fffc5d80000 - 0x00007fffc68c6000 	C:\WINDOWS\SYSTEM32\ig75icd64.dll
0x00007ff80b470000 - 0x00007ff80beb0000 	C:\WINDOWS\SYSTEM32\igdusc64.dll
0x00007ffff7ab0000 - 0x00007ffff7bce000 	C:\WINDOWS\SYSTEM32\OPENGL32.dll
0x00007ff8132f0000 - 0x00007ff813303000 	C:\WINDOWS\SYSTEM32\WTSAPI32.dll
0x00007ff815560000 - 0x00007ff81558a000 	C:\WINDOWS\SYSTEM32\dwmapi.dll
0x00007ff804cf0000 - 0x00007ff804d1c000 	C:\WINDOWS\SYSTEM32\GLU32.dll
0x00007fffeabf0000 - 0x00007fffeacc5000 	C:\Program Files\Hewlett-Packard\HP ProtectTools Security Manager\Bin\DpoFeedb.dll
0x00007ff819920000 - 0x00007ff819a69000 	C:\WINDOWS\System32\ole32.dll
0x00007fffeaa80000 - 0x00007fffeaad7000 	C:\Program Files\Hewlett-Packard\HP ProtectTools Security Manager\Bin\DpoSet.dll
0x00000000728c0000 - 0x00000000728c7000 	C:\Program Files\Java\jdk1.8.0_101\jre\bin\jawt.dll
0x000000006a440000 - 0x000000006a44d000 	C:\Users\User\AppData\Local\Temp\jogamp_0000\file_cache\jln1965248255019301888\jln6665294478281672389\natives\windows-amd64\nativewindow_awt.dll
0x000000006c100000 - 0x000000006c10f000 	C:\Users\User\AppData\Local\Temp\jogamp_0000\file_cache\jln1965248255019301888\jln6665294478281672389\natives\windows-amd64\nativewindow_win32.dll
0x0000000064500000 - 0x00000000645b1000 	C:\Users\User\AppData\Local\Temp\jogamp_0000\file_cache\jln1965248255019301888\jln6665294478281672389\natives\windows-amd64\jogl_desktop.dll
0x0000000064340000 - 0x00000000643a2000 	C:\Users\User\AppData\Local\Temp\jogamp_0000\file_cache\jln1965248255019301888\jln6665294478281672389\natives\windows-amd64\jogl_mobile.dll
0x0000000070bb0000 - 0x0000000070bf7000 	C:\Program Files\Java\jdk1.8.0_101\jre\bin\fontmanager.dll
0x00007ff815890000 - 0x00007ff81593f000 	C:\WINDOWS\SYSTEM32\dxgi.dll
0x00007ff813b40000 - 0x00007ff813e21000 	C:\WINDOWS\SYSTEM32\d3d11.dll
0x00007ff80ab80000 - 0x00007ff80ac18000 	C:\WINDOWS\System32\TextInputFramework.dll
0x00007ff8135b0000 - 0x00007ff81368c000 	C:\WINDOWS\System32\CoreMessaging.dll
0x00007ff80f810000 - 0x00007ff80fafe000 	C:\WINDOWS\System32\CoreUIComponents.dll
0x00007ff815b30000 - 0x00007ff815b61000 	C:\WINDOWS\SYSTEM32\ntmarta.dll
0x00007ff812d10000 - 0x00007ff812e46000 	C:\WINDOWS\SYSTEM32\wintypes.dll
0x00007ff819c10000 - 0x00007ff819cae000 	C:\WINDOWS\System32\clbcatq.dll
0x00007ff808800000 - 0x00007ff8089c8000 	C:\WINDOWS\SYSTEM32\dbghelp.dll

VM Arguments:
jvm_args: -Dfile.encoding=UTF-8 
java_command: neuralnetwork.NeuralNetwork
java_class_path (initial): D:\jogl\jogamp-all-platforms\jar\gluegen-rt-natives-windows-amd64.jar;D:\jogl\jogamp-all-platforms\jar\gluegen-rt.jar;D:\jogl\jogamp-all-platforms\jar\jogl-all-natives-windows-amd64.jar;D:\jogl\jogamp-all-platforms\jar\jogl-all.jar;E:\Fall17\CSE422_AI_3\NeuralNetwork\build\classes
Launcher Type: SUN_STANDARD

Environment Variables:
CLASSPATH=.;C:\Program Files (x86)\QuickTime\QTSystem\QTJava.zip
PATH=C:\Ruby23-x64\bin;C:\ProgramData\Oracle\Java\javapath;C:\oraclexe\app\oracle\product\11.2.0\server\bin;C:\Program Files\Common Files\Microsoft Shared\Windows Live;C:\Program Files (x86)\Common Files\Microsoft Shared\Windows Live;C:\Program Files (x86)\Intel\iCLS Client\;C:\Program Files\Intel\iCLS Client\;C:\WINDOWS\system32;C:\WINDOWS;C:\WINDOWS\System32\Wbem;C:\Program Files\Intel\Intel(R) Management Engine Components\DAL;C:\Program Files\Intel\Intel(R) Management Engine Components\IPT;C:\Program Files (x86)\Intel\Intel(R) Management Engine Components\DAL;C:\Program Files (x86)\Intel\Intel(R) Management Engine Components\IPT;C:\Program Files (x86)\Intel\OpenCL SDK\3.0\bin\x86;C:\Program Files (x86)\Intel\OpenCL SDK\3.0\bin\x64;C:\Program Files (x86)\Common Files\lenovo\easyplussdk\bin;C:\TDM-GCC-64\bin;C:\Program Files\Microsoft SQL Server\120\Tools\Binn\;C:\Program Files (x86)\MySQL\MySQL Fabric 1.5 & MySQL Utilities 1.5\;C:\Program Files (x86)\MySQL\MySQL Fabric 1.5 & MySQL Utilities 1.5\Doctrine extensions for PHP\;C:\WINDOWS\System32\WindowsPowerShell\v1.0\;C:\WINDOWS\System32\WindowsPowerShell\v1.0\;C:\Program Files (x86)\GNU\GnuPG\pub;C:\Program Files (x86)\QuickTime\QTSystem\;C:\Program Files (x86)\Windows Live\Shared;C:\Program Files\nodejs\;C:\ProgramData\ComposerSetup\bin;C:\Android;C:\Windows\System32;C:\Program Files (x86)\MATLAB\R2010a\runtime\win32;C:\Program Files (x86)\MATLAB\R2010a\bin;C:\wamp64\bin\php\php5.6.16;C:\wamp64\bin\mysql\mysql5.7.9\bin;C:\Program Files (x86)\GtkSharp\2.12\bin;C:\Program Files\Java\jdk1.8.0_101\bin;C:\Users\User\AppData\Local\Microsoft\WindowsApps;C:\Users\User\AppData\Roaming\Composer\vendor\bin;C:\Users\User\AppData\Local\.meteor\;
USERNAME=User
OS=Windows_NT
PROCESSOR_IDENTIFIER=Intel64 Family 6 Model 60 Stepping 3, GenuineIntel



---------------  S Y S T E M  ---------------

OS: Windows 10.0 , 64 bit Build 16299 (10.0.16299.15)

CPU:total 4 (2 cores per cpu, 2 threads per core) family 6 model 60 stepping 3, cmov, cx8, fxsr, mmx, sse, sse2, sse3, ssse3, sse4.1, sse4.2, popcnt, avx, avx2, aes, clmul, erms, lzcnt, ht, tsc, tscinvbit, bmi1, bmi2

Memory: 4k page, physical 6169708k(1487384k free), swap 12461164k(5483672k free)

vm_info: Java HotSpot(TM) 64-Bit Server VM (25.101-b13) for windows-amd64 JRE (1.8.0_101-b13), built on Jun 22 2016 01:21:29 by "java_re" with MS VC++ 10.0 (VS2010)

time: Wed Feb 14 15:03:26 2018
elapsed time: 18 seconds (0d 0h 0m 18s)

